<?xml version="1.0" encoding="UTF-8"?>
<!-- Generated by org.testng.reporters.JUnitReportReporter -->
<testsuite skipped="0" hostname="ramsunkara" name="DriverFactory.AppTest" tests="1" failures="0" timestamp="06 Oct 2019 06:12:04 GMT" time="73.446" errors="0">
  <testcase name="now" time="73.446" classname="DriverFactory.AppTest"/>
</testsuite> <!-- DriverFactory.AppTest -->
