<?xml version="1.0" encoding="UTF-8"?>
<!-- Generated by org.testng.reporters.JUnitReportReporter -->
<testsuite skipped="0" hostname="ramsunkara" name="prg.OrangeHRM_UC.AppTest" tests="1" failures="0" timestamp="06 Oct 2019 06:12:04 GMT" time="0.011" errors="0">
  <testcase name="testApp" time="0.011" classname="prg.OrangeHRM_UC.AppTest"/>
</testsuite> <!-- prg.OrangeHRM_UC.AppTest -->
