<?xml version="1.0" encoding="UTF-8"?>
<!-- Generated by org.testng.reporters.JUnitReportReporter -->
<testsuite hostname="DESKTOP-K0AK88J" failures="0" tests="1" name="DriverFactory.DriverScript" time="4.550" errors="0" timestamp="2021-03-14T13:20:24 IST" skipped="0">
  <testcase classname="DriverFactory.DriverScript" name="startTest" time="4.550"/>
  <system-out/>
</testsuite> <!-- DriverFactory.DriverScript -->
