<?xml version="1.0" encoding="UTF-8"?>
<!-- Generated by org.testng.reporters.JUnitReportReporter -->
<testsuite hostname="DESKTOP-K0AK88J" failures="0" tests="7" name="MyRunner.DemoProgram" time="44.757" errors="0" timestamp="2021-03-14T19:30:19 IST" skipped="0">
  <testcase classname="MyRunner.DemoProgram" name="Login" time="8.099"/>
  <system-out/>
  <testcase classname="MyRunner.DemoProgram" name="Login" time="5.659"/>
  <system-out/>
  <testcase classname="MyRunner.DemoProgram" name="Login" time="6.819"/>
  <system-out/>
  <testcase classname="MyRunner.DemoProgram" name="Login" time="6.661"/>
  <system-out/>
  <testcase classname="MyRunner.DemoProgram" name="Login" time="5.418"/>
  <system-out/>
  <testcase classname="MyRunner.DemoProgram" name="Login" time="6.531"/>
  <system-out/>
  <testcase classname="MyRunner.DemoProgram" name="Login" time="5.570"/>
  <system-out/>
</testsuite> <!-- MyRunner.DemoProgram -->
