<?xml version="1.0" encoding="UTF-8"?>
<!-- Generated by org.testng.reporters.JUnitReportReporter -->
<testsuite hostname="DESKTOP-K0AK88J" failures="0" tests="1" name="DriverFactory.AppTest" time="8.643" errors="0" timestamp="2021-03-14T08:59:14 IST" skipped="0">
  <testcase classname="DriverFactory.AppTest" name="now" time="8.643"/>
  <system-out/>
</testsuite> <!-- DriverFactory.AppTest -->
