<?xml version="1.0" encoding="UTF-8"?>
<!-- Generated by org.testng.reporters.JUnitReportReporter -->
<testsuite skipped="0" hostname="ramsunkara" name="DriverFactory.AppTest" tests="1" failures="0" timestamp="18 Sep 2019 09:08:51 GMT" time="57.823" errors="0">
  <testcase name="now" time="57.823" classname="DriverFactory.AppTest"/>
</testsuite> <!-- DriverFactory.AppTest -->
